2025-12-16 20:41:34,054 - INFO - Server listening on 127.0.0.1:8080...
2025-12-16 20:41:41,002 - INFO - Client 185bd454-6d73-4990-b75b-d4aa87a95e4f is trying to connect.
2025-12-16 20:41:41,002 - INFO - Client 185bd454-6d73-4990-b75b-d4aa87a95e4f connected.
2025-12-16 20:42:09,261 - INFO - Client 185bd454-6d73-4990-b75b-d4aa87a95e4f is trying to connect.
2025-12-16 20:42:09,261 - INFO - Client 185bd454-6d73-4990-b75b-d4aa87a95e4f is already connected.
2025-12-16 20:42:17,439 - INFO - Client 185bd454-6d73-4990-b75b-d4aa87a95e4f is trying to connect.
2025-12-16 20:42:17,440 - INFO - Client 185bd454-6d73-4990-b75b-d4aa87a95e4f connected.
2025-12-16 20:42:57,898 - INFO - Client 185bd454-6d73-4990-b75b-d4aa87a95e4f is trying to connect.
2025-12-16 20:42:57,899 - INFO - Client 185bd454-6d73-4990-b75b-d4aa87a95e4f is already connected.
2025-12-16 20:43:01,649 - INFO - Client 185bd454-6d73-4990-b75b-d4aa87a95e4f is trying to connect.
2025-12-16 20:43:01,649 - INFO - Client 185bd454-6d73-4990-b75b-d4aa87a95e4f is already connected.
2025-12-16 20:43:19,101 - INFO - Client 185bd454-6d73-4990-b75b-d4aa87a95e4f is trying to connect.
2025-12-16 20:43:19,102 - INFO - Client 185bd454-6d73-4990-b75b-d4aa87a95e4f connected.
2025-12-16 20:43:27,635 - ERROR - An error occurred in client listener: 230 'who'
2025-12-16 20:44:00,455 - INFO - Server listening on 127.0.0.1:8080...
2025-12-16 20:44:06,615 - INFO - Client 185bd454-6d73-4990-b75b-d4aa87a95e4f is trying to connect.
2025-12-16 20:44:06,615 - INFO - Client 185bd454-6d73-4990-b75b-d4aa87a95e4f connected.
2025-12-16 20:44:12,877 - ERROR - An error occurred in client listener: 231 'who'
2025-12-16 20:44:38,284 - INFO - Server listening on 127.0.0.1:8080...
2025-12-16 20:44:42,107 - INFO - Client 185bd454-6d73-4990-b75b-d4aa87a95e4f is trying to connect.
2025-12-16 20:44:42,107 - INFO - Client 185bd454-6d73-4990-b75b-d4aa87a95e4f connected.
2025-12-16 20:44:54,096 - INFO - Client c9a2d292-9e08-40cb-989c-18d8d81a2422 is trying to connect.
2025-12-16 20:44:54,101 - INFO - Client c9a2d292-9e08-40cb-989c-18d8d81a2422 connected.
2025-12-16 20:47:38,120 - INFO - Server listening on 127.0.0.1:8080...
2025-12-16 20:47:44,318 - INFO - Client 185bd454-6d73-4990-b75b-d4aa87a95e4f is trying to connect.
2025-12-16 20:47:44,318 - INFO - Client 185bd454-6d73-4990-b75b-d4aa87a95e4f connected.
2025-12-16 20:48:12,027 - INFO - Client c9a2d292-9e08-40cb-989c-18d8d81a2422 is trying to connect.
2025-12-16 20:48:12,032 - INFO - Client c9a2d292-9e08-40cb-989c-18d8d81a2422 connected.
2025-12-16 20:50:43,240 - INFO - Server listening on 127.0.0.1:8080...
2025-12-16 20:50:47,393 - INFO - Client 185bd454-6d73-4990-b75b-d4aa87a95e4f is trying to connect.
2025-12-16 20:50:47,393 - INFO - Client 185bd454-6d73-4990-b75b-d4aa87a95e4f connected.
2025-12-16 20:50:57,255 - INFO - Client c9a2d292-9e08-40cb-989c-18d8d81a2422 is trying to connect.
2025-12-16 20:50:57,260 - INFO - Client c9a2d292-9e08-40cb-989c-18d8d81a2422 connected.
2025-12-16 20:51:19,663 - INFO - Server listening on 127.0.0.1:8080...
2025-12-16 20:51:24,452 - INFO - Client 185bd454-6d73-4990-b75b-d4aa87a95e4f is trying to connect.
2025-12-16 20:51:24,453 - INFO - Client 185bd454-6d73-4990-b75b-d4aa87a95e4f connected.
2025-12-16 20:51:36,384 - INFO - Client c9a2d292-9e08-40cb-989c-18d8d81a2422 is trying to connect.
2025-12-16 20:51:36,390 - INFO - Client c9a2d292-9e08-40cb-989c-18d8d81a2422 connected.
2025-12-16 20:55:24,799 - INFO - Server listening on 127.0.0.1:8080...
2025-12-16 20:55:30,546 - INFO - Client 185bd454-6d73-4990-b75b-d4aa87a95e4f is trying to connect.
2025-12-16 20:55:30,546 - INFO - Client 185bd454-6d73-4990-b75b-d4aa87a95e4f connected.
2025-12-16 20:55:34,817 - INFO - Client c9a2d292-9e08-40cb-989c-18d8d81a2422 is trying to connect.
2025-12-16 20:55:34,817 - INFO - Client c9a2d292-9e08-40cb-989c-18d8d81a2422 connected.
2025-12-16 20:58:01,226 - INFO - Server listening on 127.0.0.1:8080...
2025-12-16 20:58:05,435 - INFO - Client 185bd454-6d73-4990-b75b-d4aa87a95e4f is trying to connect.
2025-12-16 20:58:05,435 - INFO - Client 185bd454-6d73-4990-b75b-d4aa87a95e4f connected.
2025-12-16 20:58:10,103 - INFO - Client c9a2d292-9e08-40cb-989c-18d8d81a2422 is trying to connect.
2025-12-16 20:58:10,103 - INFO - Client c9a2d292-9e08-40cb-989c-18d8d81a2422 connected.
2025-12-16 20:58:55,522 - INFO - Server listening on 127.0.0.1:8080...
2025-12-16 20:59:00,624 - INFO - Client 185bd454-6d73-4990-b75b-d4aa87a95e4f is trying to connect.
2025-12-16 20:59:00,624 - INFO - Client 185bd454-6d73-4990-b75b-d4aa87a95e4f connected.
2025-12-16 20:59:04,650 - INFO - Client c9a2d292-9e08-40cb-989c-18d8d81a2422 is trying to connect.
2025-12-16 20:59:04,650 - INFO - Client c9a2d292-9e08-40cb-989c-18d8d81a2422 connected.
2025-12-16 21:05:35,008 - INFO - Server listening on 127.0.0.1:8080...
2025-12-16 21:05:39,701 - INFO - Client 185bd454-6d73-4990-b75b-d4aa87a95e4f is trying to connect.
2025-12-16 21:05:39,701 - INFO - Client 185bd454-6d73-4990-b75b-d4aa87a95e4f connected.
2025-12-16 21:05:43,315 - INFO - Client c9a2d292-9e08-40cb-989c-18d8d81a2422 is trying to connect.
2025-12-16 21:05:43,315 - INFO - Client c9a2d292-9e08-40cb-989c-18d8d81a2422 connected.
